<?xml version="1.0" encoding="UTF-8"?>
<!-- Generated by org.testng.reporters.JUnitXMLReporter -->
<testsuite ignored="0" hostname="DESKTOP-8GQ3KA3" failures="1" tests="6" name="EbayTest1" time="28.939" errors="0" timestamp="2024-02-14T18:59:01 IST">
  <testcase classname="testng.P6_EbayParameterDataProvider" name="browserSetting" time="0.383"/>
  <testcase classname="testng.P6_EbayParameterDataProvider" name="navigateURL" time="3.542"/>
  <testcase classname="testng.P6_EbayParameterDataProvider" name="getPageInfo" time="0.155"/>
  <testcase classname="testng.P6_EbayParameterDataProvider" name="searchMultipleProduct" time="3.399"/>
  <testcase classname="testng.P6_EbayParameterDataProvider" name="searchMultipleProduct" time="8.745"/>
  <testcase classname="testng.P6_EbayParameterDataProvider" name="searchMultipleProduct" time="2.59">
    <failure type="org.openqa.selenium.NoSuchElementException" message="Cannot locate option with text: Books
For documentation on this error, please visit: https://www.selenium.dev/documentation/webdriver/troubleshooting/errors#no-such-element-exception
Build info: version: &amp;apos;4.16.1&amp;apos;, revision: &amp;apos;9b4c83354e&amp;apos;
System info: os.name: &amp;apos;Windows 10&amp;apos;, os.arch: &amp;apos;amd64&amp;apos;, os.version: &amp;apos;10.0&amp;apos;, java.version: &amp;apos;11.0.15&amp;apos;
Driver info: driver.version: unknown">
      <![CDATA[org.openqa.selenium.NoSuchElementException: Cannot locate option with text: Books
For documentation on this error, please visit: https://www.selenium.dev/documentation/webdriver/troubleshooting/errors#no-such-element-exception
Build info: version: '4.16.1', revision: '9b4c83354e'
System info: os.name: 'Windows 10', os.arch: 'amd64', os.version: '10.0', java.version: '11.0.15'
Driver info: driver.version: unknown
at org.openqa.selenium.support.ui.Select.selectByVisibleText(Select.java:153)
at testng.P6_EbayParameterDataProvider.searchMultipleProduct(P6_EbayParameterDataProvider.java:122)
at java.base/java.util.ArrayList.forEach(ArrayList.java:1541)
... Removed 27 stack frames]]>
    </failure>
  </testcase> <!-- searchMultipleProduct -->
</testsuite> <!-- EbayTest1 -->
